<?xml version="1.0" encoding="UTF-8"?>
<testsuite xmlns:xsi="http://www.w3.org/2001/XMLSchema-instance" xsi:noNamespaceSchemaLocation="https://maven.apache.org/surefire/maven-surefire-plugin/xsd/surefire-test-report-3.0.xsd" version="3.0" name="enzoDevoto.apps.medicineTakeCareclient.client.MedicineTakeCareClientTest" time="1.132" tests="2" errors="1" skipped="0" failures="0">
  <properties>
[...]
</properties>
  <testcase name="getDoctorById" classname="enzoDevoto.apps.medicineTakeCareclient.client.MedicineTakeCareClientTest" time="0"/>
  <testcase name="getPatientById" classname="enzoDevoto.apps.medicineTakeCareclient.client.MedicineTakeCareClientTest" time="1.122">
    <error message="I/O error on GET request for &quot;http://localhost:8080/api/v1/patients/ecb55be3-c0c0-4ce9-9a2c-63d4410e4129&quot;: Connection refused (Connection refused); nested exception is java.net.ConnectException: Connection refused (Connection refused)" type="org.springframework.web.client.ResourceAccessException">org.springframework.web.client.ResourceAccessException: I/O error on GET request for "http://localhost:8080/api/v1/patients/ecb55be3-c0c0-4ce9-9a2c-63d4410e4129": Connection refused (Connection refused); nested exception is java.net.ConnectException: Connection refused (Connection refused)
	at enzoDevoto.apps.medicineTakeCareclient.client.MedicineTakeCareClientTest.getPatientById(MedicineTakeCareClientTest.java:23)
Caused by: java.net.ConnectException: Connection refused (Connection refused)
	at enzoDevoto.apps.medicineTakeCareclient.client.MedicineTakeCareClientTest.getPatientById(MedicineTakeCareClientTest.java:23)
</error>
  </testcase>
</testsuite>